2024-11-12 12:37:26,711 - --------Starting script with the following arguments--------
2024-11-12 12:37:26,711 - Predictor model: BiLSTM
2024-11-12 12:37:26,711 - The data was generated using the model: pythia
2024-11-12 12:37:26,711 - Top_k: 20
2024-11-12 12:37:26,711 - Window size: 6
2024-11-12 12:37:26,711 - Stride: 1
2024-11-12 12:37:26,711 - Start learning rate: 0.01
2024-11-12 12:37:26,711 - Using device: cpu
2024-11-12 12:37:26,717 - Finished train and val split, num val: 3
2024-11-12 12:37:26,729 - Finished train windows, logits windows shape: (3033, 6, 20)
2024-11-12 12:37:26,729 - Finished train windows, labels windows shape: (3033, 2)
2024-11-12 12:37:26,731 - Finished val windows, logits windows shape: (885, 6, 20)
2024-11-12 12:37:26,731 - Finished val windows, labels windows shape: (885, 2)
2024-11-12 12:37:26,731 - Number of hallucination windows in training: 660.0
2024-11-12 12:37:26,731 - Number of non-hallucination windows in training: 2373.0
2024-11-12 12:37:26,731 - Number of hallucination windows in validation: 203.0
2024-11-12 12:37:26,731 - Number of non-hallucination windows in validation: 682.0
2024-11-12 12:37:27,198 - Finished scaling
2024-11-12 12:37:27,323 - ---- Start training ----
2024-11-12 12:37:57,603 - ---- Finished training ----
2024-11-12 12:37:57,604 - Max train accuracy obtained with this model: 0.9551599025726318
2024-11-12 12:37:57,604 - Max val accuracy obtained with this model: 0.7706214785575867
2024-11-12 12:37:57,604 - Max train AUPRC obtained with this model: 0.8395121097564697
2024-11-12 12:37:57,604 - Max val AUPRC obtained with this model: 0.2447357326745987
2024-11-12 12:37:57,604 - Max train AUROC obtained with this model: 0.9450944662094116
2024-11-12 12:37:57,604 - Max val AUROC obtained with this model: 0.5271297097206116
2024-11-12 12:37:57,604 - Max train F1 score obtained with this model: 0.8999999165534973
2024-11-12 12:37:57,604 - Max val F1 score obtained with this model: 0.32129958271980286
2024-11-12 12:37:57,604 - Best epoch - f1 score: 0
2024-11-12 12:37:57,604 - Best epoch - AUPRC: 0
2024-11-12 12:37:57,605 - Best epoch - AUROC: 0
2024-11-12 12:38:01,957 - Accuracy: 0.6678
2024-11-12 12:38:01,957 - Precision: 0.2308
2024-11-12 12:38:01,957 - Recall: 0.1921
2024-11-12 12:38:01,957 - F1: 0.2097
2024-11-12 12:38:01,957 - AUROC: 0.5008
